Arguments: 
  /Users/dannycheng/.nvm/versions/node/v8.9.4/bin/node /usr/local/Cellar/yarn/1.5.1/libexec/bin/yarn.js run jest

PATH: 
  /Users/dannycheng/.nvm/versions/node/v8.9.4/bin:/usr/local/bin:/usr/bin:/bin:/usr/sbin:/sbin

Yarn version: 
  1.5.1

Node version: 
  8.9.4

Platform: 
  darwin x64

npm manifest: 
  {
    "name": "bulbs-public-ads-manager",
    "version": "8.2.0",
    "description": "Do not install via npm.",
    "private": false,
    "scripts": {
      "test": "./node_modules/.bin/karma start karma.conf.js",
      "lint": "./node_modules/.bin/eslint src resources"
    },
    "devDependencies": {
      "bower": "^1.7.9",
      "browserify": "^11.0.1",
      "chai": "^3.2.0",
      "eslint": "^1.2.1",
      "js-cookie": "^2.1.4",
      "jquery": "^2.2.1",
      "karma": "^0.13.15",
      "karma-browserify": "^5.0.2",
      "karma-browserstack-launcher": "^0.1.10",
      "karma-chai": "^0.1.0",
      "karma-chrome-launcher": "^0.2.2",
      "karma-fixture": "^0.2.5",
      "karma-html-reporter": "^0.2.7",
      "karma-html2js-preprocessor": "^0.1.0",
      "karma-mocha": "^1.0.1",
      "karma-sinon": "^1.0.5",
      "mocha": "^2.2.5",
      "sinon": "^1.16.0",
      "watchify": "^3.7.0"
    },
    "main": "karma.conf.js",
    "dependencies": {},
    "repository": {
      "type": "git",
      "url": "git+https://github.com/theonion/bulbs-public-ads-manager.git"
    },
    "author": "",
    "license": "ISC",
    "bugs": {
      "url": "https://github.com/theonion/bulbs-public-ads-manager.git"
    },
    "homepage": "https://github.com/theonion/bulbs-public-ads-manager.git#readme"
  }

yarn manifest: 
  No manifest

Lockfile: 
  No lockfile

Trace: 
  Error: Command "jest" not found. Did you mean "test"?
      at new MessageError (/usr/local/Cellar/yarn/1.5.1/libexec/lib/cli.js:186:110)
      at /usr/local/Cellar/yarn/1.5.1/libexec/lib/cli.js:87307:17
      at Generator.next (<anonymous>)
      at step (/usr/local/Cellar/yarn/1.5.1/libexec/lib/cli.js:98:30)
      at /usr/local/Cellar/yarn/1.5.1/libexec/lib/cli.js:116:14
      at new Promise (<anonymous>)
      at new F (/usr/local/Cellar/yarn/1.5.1/libexec/lib/cli.js:23451:28)
      at /usr/local/Cellar/yarn/1.5.1/libexec/lib/cli.js:95:12
      at runCommand (/usr/local/Cellar/yarn/1.5.1/libexec/lib/cli.js:87312:22)
      at Object.<anonymous> (/usr/local/Cellar/yarn/1.5.1/libexec/lib/cli.js:87412:14)
